<?xml version="1.0" encoding="UTF-8"?>
<!-- Generated by org.testng.reporters.JUnitReportReporter -->
<testsuite hostname="UmaSundar" name="com.w2a.testCases.CreateParam" tests="3" failures="0" timestamp="17 Feb 2020 05:00:58 GMT" time="3.886" errors="0">
  <testcase name="validateCreateCustomerAPI" time="0.679" classname="com.w2a.testCases.CreateParam"/>
  <testcase name="validateCreateCustomerAPI" time="2.528" classname="com.w2a.testCases.CreateParam"/>
  <testcase name="validateCreateCustomerAPI" time="0.679" classname="com.w2a.testCases.CreateParam"/>
</testsuite> <!-- com.w2a.testCases.CreateParam -->
