<?xml version="1.0" encoding="UTF-8"?>
<!-- Generated by org.testng.reporters.JUnitReportReporter -->
<testsuite hostname="UmaSundar" name="com.w2a.testCases.CreateCustomertest" tests="2" failures="0" timestamp="16 Feb 2020 19:06:40 GMT" time="3.345" errors="0">
  <testcase name="validateCreateCustomerAPI" time="2.694" classname="com.w2a.testCases.CreateCustomertest"/>
  <testcase name="validateCreateCustomerAPI" time="0.651" classname="com.w2a.testCases.CreateCustomertest"/>
</testsuite> <!-- com.w2a.testCases.CreateCustomertest -->
